2026-03-17 10:30:50,231 [nas_darts] INFO: TGATSupernet: features=21, hidden=64, layers=3, ops=['linear', 'conv1d', 'attention', 'skip', 'none']
2026-03-17 10:30:50,236 [nas_darts] INFO: TGATSupernet: features=21, hidden=32, layers=2, ops=['linear', 'conv1d', 'attention', 'skip', 'none']
2026-03-17 10:30:50,325 [nas_darts] INFO: TGATSupernet: features=21, hidden=32, layers=2, ops=['linear', 'conv1d', 'attention', 'skip', 'none']
2026-03-17 10:30:50,354 [nas_darts] INFO: TGATSupernet: features=21, hidden=32, layers=2, ops=['linear', 'conv1d', 'attention', 'skip', 'none']
2026-03-17 10:30:50,398 [nas_darts] INFO: TGATSupernet: features=21, hidden=32, layers=2, ops=['linear', 'conv1d', 'attention', 'skip', 'none']
2026-03-17 10:30:50,408 [nas_darts] INFO: DARTSSearcher initialized: 21,290 params, 0.08 MB
2026-03-17 10:30:50,415 [nas_darts] INFO: Starting DARTS search: 30 epochs
2026-03-17 10:30:50,783 [nas_darts] INFO: Epoch 6/30: train_loss=0.9747, val_loss=1.0914, entropy=1.609, ops=['conv1d', 'none']
2026-03-17 10:30:51,033 [nas_darts] INFO: Epoch 12/30: train_loss=0.8594, val_loss=1.0637, entropy=1.609, ops=['conv1d', 'none']
2026-03-17 10:30:51,306 [nas_darts] INFO: Epoch 18/30: train_loss=0.7522, val_loss=1.0714, entropy=1.609, ops=['conv1d', 'none']
2026-03-17 10:30:51,556 [nas_darts] INFO: Epoch 24/30: train_loss=0.6706, val_loss=1.0738, entropy=1.609, ops=['conv1d', 'linear']
2026-03-17 10:30:51,834 [nas_darts] INFO: Epoch 30/30: train_loss=0.6078, val_loss=1.0950, entropy=1.609, ops=['conv1d', 'linear']
2026-03-17 10:30:51,834 [nas_darts] INFO: DARTS search complete. Best val_loss=1.0521
2026-03-17 10:30:51,840 [nas_darts] INFO: TGATSupernet: features=21, hidden=32, layers=2, ops=['linear', 'conv1d', 'attention', 'skip', 'none']
2026-03-17 10:30:51,841 [nas_darts] INFO: DARTSSearcher initialized: 21,290 params, 0.08 MB
2026-03-17 10:30:51,841 [nas_darts] INFO: Starting DARTS search: 10 epochs
2026-03-17 10:30:51,939 [nas_darts] INFO: Epoch 2/10: train_loss=1.1051, val_loss=1.0602, entropy=1.609, ops=['attention', 'none']
2026-03-17 10:30:52,025 [nas_darts] INFO: Epoch 4/10: train_loss=1.0319, val_loss=1.0614, entropy=1.609, ops=['conv1d', 'none']
2026-03-17 10:30:52,102 [nas_darts] INFO: Epoch 6/10: train_loss=0.9747, val_loss=1.0914, entropy=1.609, ops=['conv1d', 'none']
2026-03-17 10:30:52,184 [nas_darts] INFO: Epoch 8/10: train_loss=0.9298, val_loss=1.0582, entropy=1.609, ops=['conv1d', 'none']
2026-03-17 10:30:52,267 [nas_darts] INFO: Epoch 10/10: train_loss=0.8992, val_loss=1.0675, entropy=1.609, ops=['conv1d', 'none']
2026-03-17 10:30:52,267 [nas_darts] INFO: DARTS search complete. Best val_loss=1.0521
2026-03-17 10:30:52,274 [nas_darts] INFO: Extracted 3 architectures
2026-03-17 10:30:52,274 [nas_darts] INFO:   darts_best: ['conv1d', 'none']
2026-03-17 10:30:52,274 [nas_darts] INFO:   darts_variant_1: ['conv1d', 'linear']
2026-03-17 10:30:52,274 [nas_darts] INFO:   darts_variant_2: ['none', 'none']
2026-03-17 10:30:52,279 [nas_darts] INFO: TGATSupernet: features=21, hidden=32, layers=2, ops=['linear', 'conv1d', 'attention', 'skip', 'none']
2026-03-17 10:30:52,279 [nas_darts] INFO: DARTSSearcher initialized: 21,290 params, 0.08 MB
2026-03-17 10:30:52,280 [nas_darts] INFO: Starting DARTS search: 10 epochs
2026-03-17 10:30:52,369 [nas_darts] INFO: Epoch 2/10: train_loss=1.0828, val_loss=1.0938, entropy=1.609, ops=['attention', 'attention']
2026-03-17 10:30:52,474 [nas_darts] INFO: Epoch 4/10: train_loss=1.0345, val_loss=1.0897, entropy=1.609, ops=['attention', 'attention']
2026-03-17 10:30:52,545 [nas_darts] INFO: Epoch 6/10: train_loss=0.9828, val_loss=1.0698, entropy=1.609, ops=['attention', 'attention']
2026-03-17 10:30:52,622 [nas_darts] INFO: Epoch 8/10: train_loss=0.9328, val_loss=1.0470, entropy=1.609, ops=['attention', 'attention']
2026-03-17 10:30:52,717 [nas_darts] INFO: Epoch 10/10: train_loss=0.8886, val_loss=1.0500, entropy=1.609, ops=['attention', 'attention']
2026-03-17 10:30:52,717 [nas_darts] INFO: DARTS search complete. Best val_loss=1.0358
2026-03-17 10:30:52,724 [nas_darts] INFO: TGATSupernet: features=21, hidden=32, layers=2, ops=['linear', 'conv1d', 'attention', 'skip', 'none']
2026-03-17 10:30:52,725 [nas_darts] INFO: DARTSSearcher initialized: 21,290 params, 0.08 MB
2026-03-17 10:30:52,726 [nas_darts] INFO: Starting DARTS search: 10 epochs
2026-03-17 10:30:52,833 [nas_darts] INFO: Epoch 2/10: train_loss=1.1051, val_loss=1.0602, entropy=1.609, ops=['attention', 'none']
2026-03-17 10:30:52,924 [nas_darts] INFO: Epoch 4/10: train_loss=1.0319, val_loss=1.0614, entropy=1.609, ops=['conv1d', 'none']
2026-03-17 10:30:52,995 [nas_darts] INFO: Epoch 6/10: train_loss=0.9747, val_loss=1.0914, entropy=1.609, ops=['conv1d', 'none']
2026-03-17 10:30:53,093 [nas_darts] INFO: Epoch 8/10: train_loss=0.9298, val_loss=1.0582, entropy=1.609, ops=['conv1d', 'none']
2026-03-17 10:30:53,178 [nas_darts] INFO: Epoch 10/10: train_loss=0.8992, val_loss=1.0675, entropy=1.609, ops=['conv1d', 'none']
2026-03-17 10:30:53,178 [nas_darts] INFO: DARTS search complete. Best val_loss=1.0521
2026-03-17 10:30:53,179 [nas_darts] INFO: Extracted 3 architectures
2026-03-17 10:30:53,179 [nas_darts] INFO:   darts_best: ['conv1d', 'none']
2026-03-17 10:30:53,179 [nas_darts] INFO:   darts_variant_1: ['conv1d', 'linear']
2026-03-17 10:30:53,179 [nas_darts] INFO:   darts_variant_2: ['none', 'none']
2026-03-17 10:30:58,074 [nas_darts] INFO: NAS report saved to C:\Users\pietro\AppData\Local\Temp\tmplq2tpjgj\nas_report.pdf
2026-03-17 10:30:58,079 [nas_darts] INFO: TGATSupernet: features=21, hidden=32, layers=2, ops=['linear', 'conv1d', 'attention', 'skip', 'none']
2026-03-17 10:30:58,081 [nas_darts] INFO: DARTSSearcher initialized: 21,290 params, 0.08 MB
2026-03-17 10:30:58,081 [nas_darts] INFO: Starting DARTS search: 15 epochs
2026-03-17 10:30:58,267 [nas_darts] INFO: Epoch 3/15: train_loss=1.0688, val_loss=1.0657, entropy=1.609, ops=['attention', 'attention']
2026-03-17 10:30:58,414 [nas_darts] INFO: Epoch 6/15: train_loss=0.9828, val_loss=1.0698, entropy=1.609, ops=['attention', 'attention']
2026-03-17 10:30:58,545 [nas_darts] INFO: Epoch 9/15: train_loss=0.9260, val_loss=1.0358, entropy=1.609, ops=['attention', 'attention']
2026-03-17 10:30:58,694 [nas_darts] INFO: Epoch 12/15: train_loss=0.8536, val_loss=1.0271, entropy=1.609, ops=['attention', 'attention']
2026-03-17 10:30:58,829 [nas_darts] INFO: Epoch 15/15: train_loss=0.8092, val_loss=1.0362, entropy=1.609, ops=['attention', 'none']
2026-03-17 10:30:58,829 [nas_darts] INFO: DARTS search complete. Best val_loss=1.0271
2026-03-17 10:30:58,833 [nas_darts] INFO: TGATSupernet: features=21, hidden=32, layers=2, ops=['linear', 'conv1d', 'attention', 'skip', 'none']
2026-03-17 10:30:58,834 [nas_darts] INFO: DARTSSearcher initialized: 21,290 params, 0.08 MB
2026-03-17 10:30:58,834 [nas_darts] INFO: Starting DARTS search: 15 epochs
2026-03-17 10:30:58,969 [nas_darts] INFO: Epoch 3/15: train_loss=1.0688, val_loss=1.0657, entropy=1.609, ops=['attention', 'attention']
2026-03-17 10:30:59,108 [nas_darts] INFO: Epoch 6/15: train_loss=0.9828, val_loss=1.0698, entropy=1.609, ops=['attention', 'attention']
2026-03-17 10:30:59,249 [nas_darts] INFO: Epoch 9/15: train_loss=0.9260, val_loss=1.0358, entropy=1.609, ops=['attention', 'attention']
2026-03-17 10:30:59,371 [nas_darts] INFO: Epoch 12/15: train_loss=0.8536, val_loss=1.0271, entropy=1.609, ops=['attention', 'attention']
2026-03-17 10:30:59,491 [nas_darts] INFO: Epoch 15/15: train_loss=0.8092, val_loss=1.0362, entropy=1.609, ops=['attention', 'none']
2026-03-17 10:30:59,491 [nas_darts] INFO: DARTS search complete. Best val_loss=1.0271
2026-03-17 10:31:00,599 [nas_darts] INFO: RL policy grid search: 2 candidates, 256 steps each
2026-03-17 10:31:02,159 [nas_darts] INFO:   tiny [[32, 16]]: sharpe=-0.128
2026-03-17 10:31:03,880 [nas_darts] INFO:   small [[64, 32]]: sharpe=0.124
2026-03-17 10:31:03,884 [nas_darts] INFO: TGATSupernet: features=21, hidden=32, layers=1, ops=['linear', 'skip']
2026-03-17 10:31:03,884 [nas_darts] INFO: DARTSSearcher initialized: 9,282 params, 0.04 MB
2026-03-17 10:31:03,885 [nas_darts] INFO: Starting DARTS search: 5 epochs
2026-03-17 10:31:03,891 [nas_darts] INFO: Epoch 1/5: train_loss=1.0397, val_loss=1.0258, entropy=0.693, ops=['linear']
2026-03-17 10:31:03,897 [nas_darts] INFO: Epoch 2/5: train_loss=1.0265, val_loss=1.0166, entropy=0.693, ops=['linear']
2026-03-17 10:31:03,902 [nas_darts] INFO: Epoch 3/5: train_loss=1.0031, val_loss=0.9913, entropy=0.693, ops=['linear']
2026-03-17 10:31:03,908 [nas_darts] INFO: Epoch 4/5: train_loss=0.9848, val_loss=0.9646, entropy=0.693, ops=['linear']
2026-03-17 10:31:03,913 [nas_darts] INFO: Epoch 5/5: train_loss=0.9709, val_loss=0.9543, entropy=0.693, ops=['linear']
2026-03-17 10:31:03,913 [nas_darts] INFO: DARTS search complete. Best val_loss=0.9543
2026-03-17 10:31:03,913 [nas_darts] INFO: Extracted 3 architectures
2026-03-17 10:31:03,913 [nas_darts] INFO:   darts_best: ['linear']
2026-03-17 10:31:03,913 [nas_darts] INFO:   darts_variant_1: ['skip']
2026-03-17 10:31:03,913 [nas_darts] INFO:   darts_variant_2: ['skip']
2026-03-17 10:31:03,915 [nas_darts] INFO: TGATSupernet: features=21, hidden=32, layers=1, ops=['linear', 'conv1d', 'attention', 'skip', 'none']
2026-03-17 10:31:03,920 [nas_darts] INFO: TGATSupernet: features=21, hidden=32, layers=2, ops=['linear', 'conv1d', 'attention', 'skip', 'none']
2026-03-17 10:31:41,268 [nas_darts] INFO: TGATSupernet: features=21, hidden=64, layers=3, ops=['linear', 'conv1d', 'attention', 'skip', 'none']
2026-03-17 10:31:41,273 [nas_darts] INFO: TGATSupernet: features=21, hidden=32, layers=2, ops=['linear', 'conv1d', 'attention', 'skip', 'none']
2026-03-17 10:31:41,282 [nas_darts] INFO: TGATSupernet: features=21, hidden=32, layers=2, ops=['linear', 'conv1d', 'attention', 'skip', 'none']
2026-03-17 10:31:41,296 [nas_darts] INFO: TGATSupernet: features=21, hidden=32, layers=2, ops=['linear', 'conv1d', 'attention', 'skip', 'none']
2026-03-17 10:31:41,301 [nas_darts] INFO: TGATSupernet: features=21, hidden=32, layers=2, ops=['linear', 'conv1d', 'attention', 'skip', 'none']
2026-03-17 10:31:41,301 [nas_darts] INFO: DARTSSearcher initialized: 21,290 params, 0.08 MB
2026-03-17 10:31:41,302 [nas_darts] INFO: Starting DARTS search: 30 epochs
2026-03-17 10:31:41,648 [nas_darts] INFO: Epoch 6/30: train_loss=0.9747, val_loss=1.0914, entropy=1.609, ops=['conv1d', 'none']
2026-03-17 10:31:41,916 [nas_darts] INFO: Epoch 12/30: train_loss=0.8594, val_loss=1.0637, entropy=1.609, ops=['conv1d', 'none']
2026-03-17 10:31:42,207 [nas_darts] INFO: Epoch 18/30: train_loss=0.7522, val_loss=1.0714, entropy=1.609, ops=['conv1d', 'none']
2026-03-17 10:31:42,488 [nas_darts] INFO: Epoch 24/30: train_loss=0.6706, val_loss=1.0738, entropy=1.609, ops=['conv1d', 'linear']
2026-03-17 10:31:42,796 [nas_darts] INFO: Epoch 30/30: train_loss=0.6078, val_loss=1.0950, entropy=1.609, ops=['conv1d', 'linear']
2026-03-17 10:31:42,796 [nas_darts] INFO: DARTS search complete. Best val_loss=1.0521
2026-03-17 10:31:42,800 [nas_darts] INFO: TGATSupernet: features=21, hidden=32, layers=2, ops=['linear', 'conv1d', 'attention', 'skip', 'none']
2026-03-17 10:31:42,801 [nas_darts] INFO: DARTSSearcher initialized: 21,290 params, 0.08 MB
2026-03-17 10:31:42,801 [nas_darts] INFO: Starting DARTS search: 10 epochs
2026-03-17 10:31:42,894 [nas_darts] INFO: Epoch 2/10: train_loss=1.1051, val_loss=1.0602, entropy=1.609, ops=['attention', 'none']
2026-03-17 10:31:42,989 [nas_darts] INFO: Epoch 4/10: train_loss=1.0319, val_loss=1.0614, entropy=1.609, ops=['conv1d', 'none']
2026-03-17 10:31:43,078 [nas_darts] INFO: Epoch 6/10: train_loss=0.9747, val_loss=1.0914, entropy=1.609, ops=['conv1d', 'none']
2026-03-17 10:31:43,175 [nas_darts] INFO: Epoch 8/10: train_loss=0.9298, val_loss=1.0582, entropy=1.609, ops=['conv1d', 'none']
2026-03-17 10:31:43,281 [nas_darts] INFO: Epoch 10/10: train_loss=0.8992, val_loss=1.0675, entropy=1.609, ops=['conv1d', 'none']
2026-03-17 10:31:43,281 [nas_darts] INFO: DARTS search complete. Best val_loss=1.0521
2026-03-17 10:31:43,281 [nas_darts] INFO: Extracted 3 architectures
2026-03-17 10:31:43,281 [nas_darts] INFO:   darts_best: ['conv1d', 'none']
2026-03-17 10:31:43,282 [nas_darts] INFO:   darts_variant_1: ['conv1d', 'linear']
2026-03-17 10:31:43,282 [nas_darts] INFO:   darts_variant_2: ['none', 'none']
2026-03-17 10:31:43,286 [nas_darts] INFO: TGATSupernet: features=21, hidden=32, layers=2, ops=['linear', 'conv1d', 'attention', 'skip', 'none']
2026-03-17 10:31:43,287 [nas_darts] INFO: DARTSSearcher initialized: 21,290 params, 0.08 MB
2026-03-17 10:31:43,287 [nas_darts] INFO: Starting DARTS search: 10 epochs
2026-03-17 10:31:43,360 [nas_darts] INFO: Epoch 2/10: train_loss=1.0828, val_loss=1.0938, entropy=1.609, ops=['attention', 'attention']
2026-03-17 10:31:43,474 [nas_darts] INFO: Epoch 4/10: train_loss=1.0345, val_loss=1.0897, entropy=1.609, ops=['attention', 'attention']
2026-03-17 10:31:43,589 [nas_darts] INFO: Epoch 6/10: train_loss=0.9828, val_loss=1.0698, entropy=1.609, ops=['attention', 'attention']
2026-03-17 10:31:43,713 [nas_darts] INFO: Epoch 8/10: train_loss=0.9328, val_loss=1.0470, entropy=1.609, ops=['attention', 'attention']
2026-03-17 10:31:43,803 [nas_darts] INFO: Epoch 10/10: train_loss=0.8886, val_loss=1.0500, entropy=1.609, ops=['attention', 'attention']
2026-03-17 10:31:43,803 [nas_darts] INFO: DARTS search complete. Best val_loss=1.0358
2026-03-17 10:31:43,807 [nas_darts] INFO: TGATSupernet: features=21, hidden=32, layers=2, ops=['linear', 'conv1d', 'attention', 'skip', 'none']
2026-03-17 10:31:43,808 [nas_darts] INFO: DARTSSearcher initialized: 21,290 params, 0.08 MB
2026-03-17 10:31:43,808 [nas_darts] INFO: Starting DARTS search: 10 epochs
2026-03-17 10:31:43,910 [nas_darts] INFO: Epoch 2/10: train_loss=1.1051, val_loss=1.0602, entropy=1.609, ops=['attention', 'none']
2026-03-17 10:31:43,990 [nas_darts] INFO: Epoch 4/10: train_loss=1.0319, val_loss=1.0614, entropy=1.609, ops=['conv1d', 'none']
2026-03-17 10:31:44,099 [nas_darts] INFO: Epoch 6/10: train_loss=0.9747, val_loss=1.0914, entropy=1.609, ops=['conv1d', 'none']
2026-03-17 10:31:44,171 [nas_darts] INFO: Epoch 8/10: train_loss=0.9298, val_loss=1.0582, entropy=1.609, ops=['conv1d', 'none']
2026-03-17 10:31:44,264 [nas_darts] INFO: Epoch 10/10: train_loss=0.8992, val_loss=1.0675, entropy=1.609, ops=['conv1d', 'none']
2026-03-17 10:31:44,264 [nas_darts] INFO: DARTS search complete. Best val_loss=1.0521
2026-03-17 10:31:44,265 [nas_darts] INFO: Extracted 3 architectures
2026-03-17 10:31:44,265 [nas_darts] INFO:   darts_best: ['conv1d', 'none']
2026-03-17 10:31:44,265 [nas_darts] INFO:   darts_variant_1: ['conv1d', 'linear']
2026-03-17 10:31:44,265 [nas_darts] INFO:   darts_variant_2: ['none', 'none']
2026-03-17 10:31:44,670 [nas_darts] INFO: NAS report saved to C:\Users\pietro\AppData\Local\Temp\tmp2nbhmx6h\nas_report.pdf
2026-03-17 10:31:44,675 [nas_darts] INFO: TGATSupernet: features=21, hidden=32, layers=2, ops=['linear', 'conv1d', 'attention', 'skip', 'none']
2026-03-17 10:31:44,676 [nas_darts] INFO: DARTSSearcher initialized: 21,290 params, 0.08 MB
2026-03-17 10:31:44,677 [nas_darts] INFO: Starting DARTS search: 15 epochs
2026-03-17 10:31:44,872 [nas_darts] INFO: Epoch 3/15: train_loss=1.0688, val_loss=1.0657, entropy=1.609, ops=['attention', 'attention']
2026-03-17 10:31:45,010 [nas_darts] INFO: Epoch 6/15: train_loss=0.9828, val_loss=1.0698, entropy=1.609, ops=['attention', 'attention']
2026-03-17 10:31:45,137 [nas_darts] INFO: Epoch 9/15: train_loss=0.9260, val_loss=1.0358, entropy=1.609, ops=['attention', 'attention']
2026-03-17 10:31:45,276 [nas_darts] INFO: Epoch 12/15: train_loss=0.8536, val_loss=1.0271, entropy=1.609, ops=['attention', 'attention']
2026-03-17 10:31:45,432 [nas_darts] INFO: Epoch 15/15: train_loss=0.8092, val_loss=1.0362, entropy=1.609, ops=['attention', 'none']
2026-03-17 10:31:45,432 [nas_darts] INFO: DARTS search complete. Best val_loss=1.0271
2026-03-17 10:31:45,435 [nas_darts] INFO: TGATSupernet: features=21, hidden=32, layers=2, ops=['linear', 'conv1d', 'attention', 'skip', 'none']
2026-03-17 10:31:45,436 [nas_darts] INFO: DARTSSearcher initialized: 21,290 params, 0.08 MB
2026-03-17 10:31:45,436 [nas_darts] INFO: Starting DARTS search: 15 epochs
2026-03-17 10:31:45,586 [nas_darts] INFO: Epoch 3/15: train_loss=1.0688, val_loss=1.0657, entropy=1.609, ops=['attention', 'attention']
2026-03-17 10:31:45,731 [nas_darts] INFO: Epoch 6/15: train_loss=0.9828, val_loss=1.0698, entropy=1.609, ops=['attention', 'attention']
2026-03-17 10:31:45,885 [nas_darts] INFO: Epoch 9/15: train_loss=0.9260, val_loss=1.0358, entropy=1.609, ops=['attention', 'attention']
2026-03-17 10:31:46,038 [nas_darts] INFO: Epoch 12/15: train_loss=0.8536, val_loss=1.0271, entropy=1.609, ops=['attention', 'attention']
2026-03-17 10:31:46,198 [nas_darts] INFO: Epoch 15/15: train_loss=0.8092, val_loss=1.0362, entropy=1.609, ops=['attention', 'none']
2026-03-17 10:31:46,198 [nas_darts] INFO: DARTS search complete. Best val_loss=1.0271
2026-03-17 10:31:46,201 [nas_darts] INFO: RL policy grid search: 2 candidates, 256 steps each
2026-03-17 10:31:47,760 [nas_darts] INFO:   tiny [[32, 16]]: sharpe=1.967
2026-03-17 10:31:49,504 [nas_darts] INFO:   small [[64, 32]]: sharpe=-2.108
2026-03-17 10:31:49,507 [nas_darts] INFO: TGATSupernet: features=21, hidden=32, layers=1, ops=['linear', 'skip']
2026-03-17 10:31:49,508 [nas_darts] INFO: DARTSSearcher initialized: 9,282 params, 0.04 MB
2026-03-17 10:31:49,508 [nas_darts] INFO: Starting DARTS search: 5 epochs
2026-03-17 10:31:49,514 [nas_darts] INFO: Epoch 1/5: train_loss=1.0397, val_loss=1.0258, entropy=0.693, ops=['linear']
2026-03-17 10:31:49,520 [nas_darts] INFO: Epoch 2/5: train_loss=1.0265, val_loss=1.0166, entropy=0.693, ops=['linear']
2026-03-17 10:31:49,526 [nas_darts] INFO: Epoch 3/5: train_loss=1.0031, val_loss=0.9913, entropy=0.693, ops=['linear']
2026-03-17 10:31:49,532 [nas_darts] INFO: Epoch 4/5: train_loss=0.9848, val_loss=0.9646, entropy=0.693, ops=['linear']
2026-03-17 10:31:49,538 [nas_darts] INFO: Epoch 5/5: train_loss=0.9709, val_loss=0.9543, entropy=0.693, ops=['linear']
2026-03-17 10:31:49,538 [nas_darts] INFO: DARTS search complete. Best val_loss=0.9543
2026-03-17 10:31:49,539 [nas_darts] INFO: Extracted 3 architectures
2026-03-17 10:31:49,539 [nas_darts] INFO:   darts_best: ['linear']
2026-03-17 10:31:49,539 [nas_darts] INFO:   darts_variant_1: ['skip']
2026-03-17 10:31:49,539 [nas_darts] INFO:   darts_variant_2: ['skip']
2026-03-17 10:31:49,541 [nas_darts] INFO: TGATSupernet: features=21, hidden=32, layers=1, ops=['linear', 'conv1d', 'attention', 'skip', 'none']
2026-03-17 10:31:49,548 [nas_darts] INFO: TGATSupernet: features=21, hidden=32, layers=2, ops=['linear', 'conv1d', 'attention', 'skip', 'none']
