2026-03-16 16:39:59,579 [stress] INFO: Monte Carlo: 1000 paths, 252 days, VaR95=-10.54%, VaR99=-19.75%
2026-03-16 16:39:59,600 [stress] INFO: normal: VaR95=-11.01%, survival=82%
2026-03-16 16:39:59,610 [stress] INFO: crash_2008: VaR95=-44.01%, survival=3%
2026-03-16 16:39:59,615 [stress] INFO: crash_covid: VaR95=-25.88%, survival=52%
2026-03-16 16:39:59,619 [stress] INFO: flash_crash: VaR95=-15.84%, survival=98%
2026-03-16 16:42:41,133 [stress] INFO: Monte Carlo: 100 paths, 60 days, VaR95=-8.31%, VaR99=-9.83%
2026-03-16 16:42:41,139 [stress] INFO: Monte Carlo: 500 paths, 60 days, VaR95=-7.77%, VaR99=-11.08%
2026-03-16 16:42:41,142 [stress] INFO: normal: VaR95=-11.33%, survival=94%
2026-03-16 16:42:41,144 [stress] INFO: crash_2008: VaR95=-40.60%, survival=0%
2026-03-16 16:42:41,147 [stress] INFO: crash_covid: VaR95=-20.80%, survival=60%
2026-03-16 16:42:41,147 [stress] INFO: flash_crash: VaR95=-13.61%, survival=100%
2026-03-16 16:42:41,153 [stress] INFO: normal: VaR95=-10.55%, survival=85%
2026-03-16 16:42:41,156 [stress] INFO: crash_2008: VaR95=-40.58%, survival=4%
2026-03-16 16:42:41,159 [stress] INFO: crash_2008: VaR95=-39.87%, survival=4%
2026-03-16 16:42:41,162 [stress] INFO: normal: VaR95=-16.45%, survival=80%
2026-03-16 16:42:41,164 [stress] INFO: crash_2008: VaR95=-41.16%, survival=2%
2026-03-16 16:42:41,165 [stress] INFO: crash_covid: VaR95=-21.06%, survival=60%
2026-03-16 16:42:41,165 [stress] INFO: flash_crash: VaR95=-14.60%, survival=100%
2026-03-16 16:42:41,469 [stress] INFO: Monte Carlo: 100 paths, 60 days, VaR95=-4.09%, VaR99=-6.53%
2026-03-16 16:42:41,471 [stress] INFO: Monte Carlo: 100 paths, 60 days, VaR95=-18.32%, VaR99=-28.29%
2026-03-16 16:44:18,203 [stress] INFO: Monte Carlo: 100 paths, 60 days, VaR95=-8.31%, VaR99=-9.83%
2026-03-16 16:44:18,209 [stress] INFO: Monte Carlo: 500 paths, 60 days, VaR95=-7.77%, VaR99=-11.08%
2026-03-16 16:44:18,213 [stress] INFO: normal: VaR95=-11.33%, survival=94%
2026-03-16 16:44:18,214 [stress] INFO: crash_2008: VaR95=-40.60%, survival=0%
2026-03-16 16:44:18,215 [stress] INFO: crash_covid: VaR95=-20.80%, survival=60%
2026-03-16 16:44:18,216 [stress] INFO: flash_crash: VaR95=-13.61%, survival=100%
2026-03-16 16:44:18,221 [stress] INFO: normal: VaR95=-10.55%, survival=85%
2026-03-16 16:44:18,224 [stress] INFO: crash_2008: VaR95=-40.58%, survival=4%
2026-03-16 16:44:18,227 [stress] INFO: crash_2008: VaR95=-39.87%, survival=4%
2026-03-16 16:44:18,230 [stress] INFO: normal: VaR95=-16.45%, survival=80%
2026-03-16 16:44:18,231 [stress] INFO: crash_2008: VaR95=-41.16%, survival=2%
2026-03-16 16:44:18,231 [stress] INFO: crash_covid: VaR95=-21.06%, survival=60%
2026-03-16 16:44:18,232 [stress] INFO: flash_crash: VaR95=-14.60%, survival=100%
2026-03-16 16:44:18,554 [stress] INFO: Monte Carlo: 100 paths, 60 days, VaR95=-4.09%, VaR99=-6.53%
2026-03-16 16:44:18,556 [stress] INFO: Monte Carlo: 100 paths, 60 days, VaR95=-18.32%, VaR99=-28.29%
