2026-03-16 16:38:43,557 [timegan] INFO: TimeGAN: input_dim=5, seq=32, hidden=32, latent=16, params=50,070
2026-03-16 16:38:43,558 [timegan] INFO: Phase 1: Autoencoder training (2 epochs)
2026-03-16 16:38:44,561 [timegan] INFO:   AE epoch 1/2: loss=0.9692
2026-03-16 16:38:44,759 [timegan] INFO:   AE epoch 2/2: loss=0.9666
2026-03-16 16:38:44,760 [timegan] INFO: Phase 2: Supervisor training (1 epochs)
2026-03-16 16:38:44,899 [timegan] INFO: Phase 3: Joint training (2 epochs)
2026-03-16 16:38:45,455 [timegan] INFO:   Joint epoch 1/2: G=5.3702, D=0.6916
2026-03-16 16:38:45,996 [timegan] INFO:   Joint epoch 2/2: G=4.2485, D=0.6886
2026-03-16 16:38:45,999 [timegan] INFO: TimeGAN training complete
2026-03-16 16:42:38,737 [timegan] INFO: TimeGAN: input_dim=5, seq=16, hidden=16, latent=8, params=6,606
2026-03-16 16:42:38,740 [timegan] INFO: TimeGAN: input_dim=5, seq=16, hidden=16, latent=8, params=6,606
2026-03-16 16:42:38,742 [timegan] INFO: TimeGAN: input_dim=5, seq=16, hidden=16, latent=8, params=6,606
2026-03-16 16:42:38,755 [timegan] INFO: TimeGAN: input_dim=5, seq=16, hidden=16, latent=8, params=6,606
2026-03-16 16:42:38,755 [timegan] INFO: Phase 1: Autoencoder training (1 epochs)
2026-03-16 16:42:39,568 [timegan] INFO:   AE epoch 1/1: loss=1.1119
2026-03-16 16:42:39,568 [timegan] INFO: Phase 2: Supervisor training (1 epochs)
2026-03-16 16:42:39,611 [timegan] INFO: Phase 3: Joint training (1 epochs)
2026-03-16 16:42:39,780 [timegan] INFO:   Joint epoch 1/1: G=7.2812, D=0.6945
2026-03-16 16:42:39,780 [timegan] INFO: TimeGAN training complete
2026-03-16 16:42:39,783 [timegan] INFO: TimeGAN: input_dim=5, seq=16, hidden=16, latent=8, params=6,606
2026-03-16 16:42:39,783 [timegan] INFO: Phase 1: Autoencoder training (1 epochs)
2026-03-16 16:42:39,795 [timegan] INFO:   AE epoch 1/1: loss=0.9797
2026-03-16 16:42:39,796 [timegan] INFO: Phase 2: Supervisor training (1 epochs)
2026-03-16 16:42:39,807 [timegan] INFO: Phase 3: Joint training (1 epochs)
2026-03-16 16:42:39,850 [timegan] INFO:   Joint epoch 1/1: G=7.6130, D=0.7023
2026-03-16 16:42:39,852 [timegan] INFO: TimeGAN training complete
2026-03-16 16:42:39,854 [timegan] INFO: TimeGAN: input_dim=5, seq=16, hidden=32, latent=16, params=24,726
2026-03-16 16:42:39,855 [timegan] INFO: Phase 1: Autoencoder training (4 epochs)
2026-03-16 16:42:39,912 [timegan] INFO:   AE epoch 1/4: loss=0.2594
2026-03-16 16:42:39,969 [timegan] INFO:   AE epoch 2/4: loss=0.2517
2026-03-16 16:42:40,035 [timegan] INFO:   AE epoch 3/4: loss=0.2470
2026-03-16 16:42:40,109 [timegan] INFO:   AE epoch 4/4: loss=0.2438
2026-03-16 16:42:40,109 [timegan] INFO: Phase 2: Supervisor training (2 epochs)
2026-03-16 16:42:40,231 [timegan] INFO: Phase 3: Joint training (4 epochs)
2026-03-16 16:42:40,458 [timegan] INFO:   Joint epoch 1/4: G=4.7991, D=0.7019
2026-03-16 16:42:40,663 [timegan] INFO:   Joint epoch 2/4: G=3.6154, D=0.6945
2026-03-16 16:42:40,888 [timegan] INFO:   Joint epoch 3/4: G=2.7390, D=0.6933
2026-03-16 16:42:41,108 [timegan] INFO:   Joint epoch 4/4: G=2.2043, D=0.6928
2026-03-16 16:42:41,108 [timegan] INFO: TimeGAN training complete
2026-03-16 16:42:41,122 [timegan] INFO: TimeGAN: input_dim=1, seq=10, hidden=8, latent=4, params=1,734
2026-03-16 16:42:41,168 [timegan] INFO: TimeGAN: input_dim=1, seq=10, hidden=8, latent=4, params=1,734
2026-03-16 16:42:41,168 [timegan] INFO: Phase 1: Autoencoder training (1 epochs)
2026-03-16 16:42:41,206 [timegan] INFO:   AE epoch 1/1: loss=0.8540
2026-03-16 16:42:41,206 [timegan] INFO: Phase 2: Supervisor training (1 epochs)
2026-03-16 16:42:41,242 [timegan] INFO: Phase 3: Joint training (1 epochs)
2026-03-16 16:42:41,368 [timegan] INFO:   Joint epoch 1/1: G=9.9977, D=0.7129
2026-03-16 16:42:41,368 [timegan] INFO: TimeGAN training complete
2026-03-16 16:42:41,371 [timegan] INFO: TimeGAN: input_dim=3, seq=8, hidden=8, latent=4, params=1,800
2026-03-16 16:42:41,373 [timegan] INFO: Phase 1: Autoencoder training (1 epochs)
2026-03-16 16:42:41,388 [timegan] INFO:   AE epoch 1/1: loss=1.1412
2026-03-16 16:42:41,388 [timegan] INFO: Phase 2: Supervisor training (1 epochs)
2026-03-16 16:42:41,404 [timegan] INFO: Phase 3: Joint training (1 epochs)
2026-03-16 16:42:41,463 [timegan] INFO:   Joint epoch 1/1: G=7.3649, D=0.6969
2026-03-16 16:42:41,464 [timegan] INFO: TimeGAN training complete
2026-03-16 16:42:41,466 [timegan] INFO: TimeGAN: input_dim=5, seq=16, hidden=16, latent=8, params=6,606
2026-03-16 16:44:16,589 [timegan] INFO: TimeGAN: input_dim=5, seq=16, hidden=16, latent=8, params=6,606
2026-03-16 16:44:16,591 [timegan] INFO: TimeGAN: input_dim=5, seq=16, hidden=16, latent=8, params=6,606
2026-03-16 16:44:16,595 [timegan] INFO: TimeGAN: input_dim=5, seq=16, hidden=16, latent=8, params=6,606
2026-03-16 16:44:16,597 [timegan] INFO: TimeGAN: input_dim=5, seq=16, hidden=16, latent=8, params=6,606
2026-03-16 16:44:16,597 [timegan] INFO: Phase 1: Autoencoder training (1 epochs)
2026-03-16 16:44:16,642 [timegan] INFO:   AE epoch 1/1: loss=1.0606
2026-03-16 16:44:16,643 [timegan] INFO: Phase 2: Supervisor training (1 epochs)
2026-03-16 16:44:16,691 [timegan] INFO: Phase 3: Joint training (1 epochs)
2026-03-16 16:44:16,862 [timegan] INFO:   Joint epoch 1/1: G=6.8978, D=0.6920
2026-03-16 16:44:16,862 [timegan] INFO: TimeGAN training complete
2026-03-16 16:44:16,865 [timegan] INFO: TimeGAN: input_dim=5, seq=16, hidden=16, latent=8, params=6,606
2026-03-16 16:44:16,865 [timegan] INFO: Phase 1: Autoencoder training (1 epochs)
2026-03-16 16:44:16,878 [timegan] INFO:   AE epoch 1/1: loss=1.1334
2026-03-16 16:44:16,878 [timegan] INFO: Phase 2: Supervisor training (1 epochs)
2026-03-16 16:44:16,892 [timegan] INFO: Phase 3: Joint training (1 epochs)
2026-03-16 16:44:16,938 [timegan] INFO:   Joint epoch 1/1: G=6.2980, D=0.6922
2026-03-16 16:44:16,939 [timegan] INFO: TimeGAN training complete
2026-03-16 16:44:16,942 [timegan] INFO: TimeGAN: input_dim=5, seq=16, hidden=32, latent=16, params=24,726
2026-03-16 16:44:16,942 [timegan] INFO: Phase 1: Autoencoder training (4 epochs)
2026-03-16 16:44:17,006 [timegan] INFO:   AE epoch 1/4: loss=0.2605
2026-03-16 16:44:17,060 [timegan] INFO:   AE epoch 2/4: loss=0.2520
2026-03-16 16:44:17,118 [timegan] INFO:   AE epoch 3/4: loss=0.2464
2026-03-16 16:44:17,175 [timegan] INFO:   AE epoch 4/4: loss=0.2424
2026-03-16 16:44:17,175 [timegan] INFO: Phase 2: Supervisor training (2 epochs)
2026-03-16 16:44:17,293 [timegan] INFO: Phase 3: Joint training (4 epochs)
2026-03-16 16:44:17,501 [timegan] INFO:   Joint epoch 1/4: G=5.5878, D=0.6894
2026-03-16 16:44:17,711 [timegan] INFO:   Joint epoch 2/4: G=3.9509, D=0.6884
2026-03-16 16:44:17,932 [timegan] INFO:   Joint epoch 3/4: G=2.8520, D=0.6893
2026-03-16 16:44:18,181 [timegan] INFO:   Joint epoch 4/4: G=2.0483, D=0.6918
2026-03-16 16:44:18,182 [timegan] INFO: TimeGAN training complete
2026-03-16 16:44:18,196 [timegan] INFO: TimeGAN: input_dim=1, seq=10, hidden=8, latent=4, params=1,734
2026-03-16 16:44:18,235 [timegan] INFO: TimeGAN: input_dim=1, seq=10, hidden=8, latent=4, params=1,734
2026-03-16 16:44:18,237 [timegan] INFO: Phase 1: Autoencoder training (1 epochs)
2026-03-16 16:44:18,274 [timegan] INFO:   AE epoch 1/1: loss=0.8579
2026-03-16 16:44:18,275 [timegan] INFO: Phase 2: Supervisor training (1 epochs)
2026-03-16 16:44:18,313 [timegan] INFO: Phase 3: Joint training (1 epochs)
2026-03-16 16:44:18,456 [timegan] INFO:   Joint epoch 1/1: G=13.2834, D=0.7100
2026-03-16 16:44:18,456 [timegan] INFO: TimeGAN training complete
2026-03-16 16:44:18,460 [timegan] INFO: TimeGAN: input_dim=3, seq=8, hidden=8, latent=4, params=1,800
2026-03-16 16:44:18,460 [timegan] INFO: Phase 1: Autoencoder training (1 epochs)
2026-03-16 16:44:18,475 [timegan] INFO:   AE epoch 1/1: loss=1.1049
2026-03-16 16:44:18,476 [timegan] INFO: Phase 2: Supervisor training (1 epochs)
2026-03-16 16:44:18,489 [timegan] INFO: Phase 3: Joint training (1 epochs)
2026-03-16 16:44:18,547 [timegan] INFO:   Joint epoch 1/1: G=4.4969, D=0.7005
2026-03-16 16:44:18,548 [timegan] INFO: TimeGAN training complete
2026-03-16 16:44:18,550 [timegan] INFO: TimeGAN: input_dim=5, seq=16, hidden=16, latent=8, params=6,606
